<?xml version="1.0" encoding="UTF-8"?>
<!-- Generated by org.testng.reporters.JUnitXMLReporter -->
<testsuite ignored="0" hostname="DESKTOP-V3KGSQ3" failures="0" tests="3" name="Test2" time="163.12" errors="0" timestamp="11 Sept 2023 16:57:11 GMT">
  <testcase classname="org.testng.CrossBrowserClass" name="website" time="66.885"/>
  <testcase classname="org.testng.CrossBrowserClass" name="clickProduct" time="55.755"/>
  <testcase classname="org.testng.CrossBrowserClass" name="addCart" time="40.397"/>
</testsuite> <!-- Test2 -->
