<?xml version="1.0" encoding="UTF-8"?>
<!-- Generated by org.testng.reporters.JUnitXMLReporter -->
<testsuite ignored="0" hostname="DESKTOP-V3KGSQ3" failures="2" tests="6" name="Test" time="0.284" errors="0" timestamp="11 Sept 2023 14:41:26 GMT">
  <testcase classname="org.testng.ProductParallel2" name="tc11productSearch" time="0.105">
    <failure type="java.lang.NullPointerException" message="Cannot invoke &amp;quot;org.openqa.selenium.WebDriver.get(String)&amp;quot; because &amp;quot;org.utilities.LibGlobal.driver&amp;quot; is null">
      <![CDATA[java.lang.NullPointerException: Cannot invoke "org.openqa.selenium.WebDriver.get(String)" because "org.utilities.LibGlobal.driver" is null
at org.utilities.LibGlobal.launchUrl(LibGlobal.java:130)
... Removed 24 stack frames]]>
    </failure>
  </testcase> <!-- tc11productSearch -->
  <testcase classname="org.testng.ProductParallel2" name="tc22" time="0.011"/>
  <testcase classname="org.testng.ProductParallel2" name="tc33AddCart" time="0.007"/>
  <testcase classname="org.testng.ProductParallel1" name="tc1productSearch" time="0.033">
    <failure type="java.lang.NullPointerException" message="Cannot invoke &amp;quot;org.openqa.selenium.WebDriver.get(String)&amp;quot; because &amp;quot;org.utilities.LibGlobal.driver&amp;quot; is null">
      <![CDATA[java.lang.NullPointerException: Cannot invoke "org.openqa.selenium.WebDriver.get(String)" because "org.utilities.LibGlobal.driver" is null
at org.utilities.LibGlobal.launchUrl(LibGlobal.java:130)
... Removed 24 stack frames]]>
    </failure>
  </testcase> <!-- tc1productSearch -->
  <testcase classname="org.testng.ProductParallel1" name="tc2" time="0.017"/>
  <testcase classname="org.testng.ProductParallel1" name="tc3" time="0.014"/>
</testsuite> <!-- Test -->
