<?xml version="1.0" encoding="UTF-8"?>
<!-- Generated by org.testng.reporters.JUnitXMLReporter -->
<testsuite ignored="0" hostname="DESKTOP-V3KGSQ3" failures="0" tests="3" name="Test1" time="160.375" errors="0" timestamp="11 Sept 2023 16:57:08 GMT">
  <testcase classname="org.testng.CrossBrowserClass" name="website" time="63.783"/>
  <testcase classname="org.testng.CrossBrowserClass" name="clickProduct" time="56.054"/>
  <testcase classname="org.testng.CrossBrowserClass" name="addCart" time="40.456"/>
</testsuite> <!-- Test1 -->
