<?xml version="1.0" encoding="UTF-8"?>
<!-- Generated by org.testng.reporters.JUnitXMLReporter -->
<testsuite ignored="0" hostname="DESKTOP-V3KGSQ3" failures="0" tests="3" name="Test3" time="141.356" errors="0" timestamp="11 Sept 2023 16:56:50 GMT">
  <testcase classname="org.testng.CrossBrowserClass" name="website" time="44.637"/>
  <testcase classname="org.testng.CrossBrowserClass" name="clickProduct" time="55.924"/>
  <testcase classname="org.testng.CrossBrowserClass" name="addCart" time="40.698"/>
</testsuite> <!-- Test3 -->
